/home/npradeep96/Projects/Learning_ML/Spaceship_Titanic
Fitting 5 folds for each of 3 candidates, totalling 15 fits
Impact of learning rate ...
Model with rank: 1
Mean validation score: 0.794 (std: 0.010)
Parameters: {'learning_rate': 0.03}

Model with rank: 2
Mean validation score: 0.792 (std: 0.011)
Parameters: {'learning_rate': 0.1}

Model with rank: 3
Mean validation score: 0.784 (std: 0.008)
Parameters: {'learning_rate': 0.3}

Fitting 5 folds for each of 3 candidates, totalling 15 fits
Impact of max tree depth ...
Model with rank: 1
Mean validation score: 0.794 (std: 0.010)
Parameters: {'max_depth': 2}

Model with rank: 2
Mean validation score: 0.787 (std: 0.012)
Parameters: {'max_depth': 4}

Model with rank: 3
Mean validation score: 0.784 (std: 0.008)
Parameters: {'max_depth': 6}

Fitting 5 folds for each of 3 candidates, totalling 15 fits
Impact of number of estimators used ...
Model with rank: 1
Mean validation score: 0.784 (std: 0.008)
Parameters: {'n_estimators': 100}

Model with rank: 2
Mean validation score: 0.778 (std: 0.009)
Parameters: {'n_estimators': 150}

Model with rank: 3
Mean validation score: 0.776 (std: 0.009)
Parameters: {'n_estimators': 200}

