/home/npradeep96/Projects/Learning_ML/Spaceship_Titanic
Fitting 5 folds for each of 3 candidates, totalling 15 fits
Impact of learning rate ...
Model with rank: 1
Mean validation score: 0.794 (std: 0.010)
Parameters: {'learning_rate': 0.03}

Model with rank: 2
Mean validation score: 0.792 (std: 0.011)
Parameters: {'learning_rate': 0.1}

Model with rank: 3
Mean validation score: 0.784 (std: 0.008)
Parameters: {'learning_rate': 0.3}

Fitting 5 folds for each of 3 candidates, totalling 15 fits
Impact of max tree depth ...
Model with rank: 1
Mean validation score: 0.794 (std: 0.010)
Parameters: {'max_depth': 2}

Model with rank: 2
Mean validation score: 0.787 (std: 0.012)
Parameters: {'max_depth': 4}

Model with rank: 3
Mean validation score: 0.784 (std: 0.008)
Parameters: {'max_depth': 6}

Fitting 5 folds for each of 3 candidates, totalling 15 fits
Impact of number of estimators used ...
Model with rank: 1
Mean validation score: 0.784 (std: 0.008)
Parameters: {'n_estimators': 100}

Model with rank: 2
Mean validation score: 0.778 (std: 0.009)
Parameters: {'n_estimators': 150}

Model with rank: 3
Mean validation score: 0.776 (std: 0.009)
Parameters: {'n_estimators': 200}

Fitting 5 folds for each of 108 candidates, totalling 540 fits
Result of Grid Search ...
Model with rank: 1
Mean validation score: 0.795 (std: 0.011)
Parameters: {'alpha': 0.1, 'colsample_bytree': 0.5, 'gamma': 0.1, 'learning_rate': 0.03, 'max_depth': 4, 'n_estimators': 200, 'objective': 'binary:logistic', 'subsample': 0.7}

Model with rank: 2
Mean validation score: 0.795 (std: 0.013)
Parameters: {'alpha': 1.0, 'colsample_bytree': 0.5, 'gamma': 0.1, 'learning_rate': 0.1, 'max_depth': 4, 'n_estimators': 200, 'objective': 'binary:logistic', 'subsample': 0.5}

Model with rank: 3
Mean validation score: 0.795 (std: 0.012)
Parameters: {'alpha': 0.01, 'colsample_bytree': 0.5, 'gamma': 0.1, 'learning_rate': 0.03, 'max_depth': 4, 'n_estimators': 200, 'objective': 'binary:logistic', 'subsample': 0.5}

Predictions on validation dataset ....
[0 0 0 ... 0 1 0]
